2012-11-03 : 17-04-34-985 main yzq.t9.core.load.T9ConfigLoader 76 - System init start...
2012-11-03 : 17-14-21-739 main yzq.t9.core.load.T9ConfigLoader 76 - System init start...
2012-11-03 : 17-20-22-303 main yzq.t9.core.load.T9ConfigLoader 76 - System init start...
2012-11-03 : 17-21-31-228 main yzq.t9.core.load.T9ConfigLoader 76 - System init start...
2012-11-03 : 17-26-55-267 main yzq.t9.core.load.T9ConfigLoader 76 - System init start...
2012-11-03 : 17-34-07-492 main yzq.t9.core.load.T9ConfigLoader 76 - System init start...
2012-11-03 : 17-34-08-039 main yzq.t9.core.data.TDCDataSources 157 - datasource mssql/t9 is built
2012-11-03 : 17-34-08-055 main yzq.t9.core.data.TDCDataSources 157 - datasource mysql/t9 is built
2012-11-03 : 17-34-08-055 main yzq.t9.core.data.TDCDataSources 157 - datasource oracle/T9DB is built
2012-11-03 : 17-34-08-055 main yzq.t9.core.load.T9ConfigLoader 117 - System init done.
2012-11-03 : 17-34-10-301 main yzq.t9.core.load.T9ConfigLoader 144 - Communications link failure

Last packet sent to the server was 0 ms ago.
com.mysql.jdbc.exceptions.jdbc4.CommunicationsException: Communications link failure

Last packet sent to the server was 0 ms ago.
	at sun.reflect.NativeConstructorAccessorImpl.newInstance0(Native Method)
	at sun.reflect.NativeConstructorAccessorImpl.newInstance(Unknown Source)
	at sun.reflect.DelegatingConstructorAccessorImpl.newInstance(Unknown Source)
	at java.lang.reflect.Constructor.newInstance(Unknown Source)
	at com.mysql.jdbc.Util.handleNewInstance(Util.java:406)
	at com.mysql.jdbc.SQLError.createCommunicationsException(SQLError.java:1074)
	at com.mysql.jdbc.ConnectionImpl.createNewIO(ConnectionImpl.java:2103)
	at com.mysql.jdbc.ConnectionImpl.<init>(ConnectionImpl.java:718)
	at com.mysql.jdbc.JDBC4Connection.<init>(JDBC4Connection.java:46)
	at sun.reflect.NativeConstructorAccessorImpl.newInstance0(Native Method)
	at sun.reflect.NativeConstructorAccessorImpl.newInstance(Unknown Source)
	at sun.reflect.DelegatingConstructorAccessorImpl.newInstance(Unknown Source)
	at java.lang.reflect.Constructor.newInstance(Unknown Source)
	at com.mysql.jdbc.Util.handleNewInstance(Util.java:406)
	at com.mysql.jdbc.ConnectionImpl.getInstance(ConnectionImpl.java:302)
	at com.mysql.jdbc.NonRegisteringDriver.connect(NonRegisteringDriver.java:282)
	at java.sql.DriverManager.getConnection(Unknown Source)
	at java.sql.DriverManager.getConnection(Unknown Source)
	at t9.core.util.db.T9DBUtility.getConnection(T9DBUtility.java:156)
	at t9.core.load.T9ConfigLoader.loadInit(T9ConfigLoader.java:129)
	at t9.core.servlet.T9ActionServlet.init(T9ActionServlet.java:33)
	at javax.servlet.GenericServlet.init(GenericServlet.java:212)
	at org.apache.catalina.core.StandardWrapper.loadServlet(StandardWrapper.java:1173)
	at org.apache.catalina.core.StandardWrapper.load(StandardWrapper.java:993)
	at org.apache.catalina.core.StandardContext.loadOnStartup(StandardContext.java:4149)
	at org.apache.catalina.core.StandardContext.start(StandardContext.java:4458)
	at org.apache.catalina.core.ContainerBase.addChildInternal(ContainerBase.java:791)
	at org.apache.catalina.core.ContainerBase.addChild(ContainerBase.java:771)
	at org.apache.catalina.core.StandardHost.addChild(StandardHost.java:526)
	at org.apache.catalina.startup.HostConfig.deployDirectory(HostConfig.java:987)
	at org.apache.catalina.startup.HostConfig.deployDirectories(HostConfig.java:909)
	at org.apache.catalina.startup.HostConfig.deployApps(HostConfig.java:495)
	at org.apache.catalina.startup.HostConfig.start(HostConfig.java:1206)
	at org.apache.catalina.startup.HostConfig.lifecycleEvent(HostConfig.java:314)
	at org.apache.catalina.util.LifecycleSupport.fireLifecycleEvent(LifecycleSupport.java:119)
	at org.apache.catalina.core.ContainerBase.start(ContainerBase.java:1053)
	at org.apache.catalina.core.StandardHost.start(StandardHost.java:722)
	at org.apache.catalina.core.ContainerBase.start(ContainerBase.java:1045)
	at org.apache.catalina.core.StandardEngine.start(StandardEngine.java:443)
	at org.apache.catalina.core.StandardService.start(StandardService.java:516)
	at org.apache.catalina.core.StandardServer.start(StandardServer.java:710)
	at org.apache.catalina.startup.Catalina.start(Catalina.java:583)
	at sun.reflect.NativeMethodAccessorImpl.invoke0(Native Method)
	at sun.reflect.NativeMethodAccessorImpl.invoke(Unknown Source)
	at sun.reflect.DelegatingMethodAccessorImpl.invoke(Unknown Source)
	at java.lang.reflect.Method.invoke(Unknown Source)
	at org.apache.catalina.startup.Bootstrap.start(Bootstrap.java:288)
	at org.apache.catalina.startup.Bootstrap.main(Bootstrap.java:413)
Caused by: java.net.ConnectException: Connection refused: connect
	at java.net.PlainSocketImpl.socketConnect(Native Method)
	at java.net.PlainSocketImpl.doConnect(Unknown Source)
	at java.net.PlainSocketImpl.connectToAddress(Unknown Source)
	at java.net.PlainSocketImpl.connect(Unknown Source)
	at java.net.SocksSocketImpl.connect(Unknown Source)
	at java.net.Socket.connect(Unknown Source)
	at java.net.Socket.connect(Unknown Source)
	at java.net.Socket.<init>(Unknown Source)
	at java.net.Socket.<init>(Unknown Source)
	at com.mysql.jdbc.StandardSocketFactory.connect(StandardSocketFactory.java:253)
	at com.mysql.jdbc.MysqlIO.<init>(MysqlIO.java:280)
	at com.mysql.jdbc.ConnectionImpl.createNewIO(ConnectionImpl.java:2026)
	... 41 more
2012-11-03 : 17-34-10-363 Thread-3 yzq.t9.core.autorun.T9AutoRunThread 206 - 后台线程开始运行...
2012-11-03 : 17-35-11-349 http-80-4 yzq.t9.core.servlet.TDCActionServlet 125 - 
java.lang.reflect.InvocationTargetException
	at sun.reflect.NativeMethodAccessorImpl.invoke0(Native Method)
	at sun.reflect.NativeMethodAccessorImpl.invoke(Unknown Source)
	at sun.reflect.DelegatingMethodAccessorImpl.invoke(Unknown Source)
	at java.lang.reflect.Method.invoke(Unknown Source)
	at t9.core.servlet.T9ActionServlet.doGet(T9ActionServlet.java:107)
	at t9.core.servlet.T9ActionServlet.doPost(T9ActionServlet.java:153)
	at javax.servlet.http.HttpServlet.service(HttpServlet.java:637)
	at javax.servlet.http.HttpServlet.service(HttpServlet.java:717)
	at org.apache.catalina.core.ApplicationFilterChain.internalDoFilter(ApplicationFilterChain.java:290)
	at org.apache.catalina.core.ApplicationFilterChain.doFilter(ApplicationFilterChain.java:206)
	at t9.core.servlet.T9RequestFilter.doFilter(T9RequestFilter.java:82)
	at org.apache.catalina.core.ApplicationFilterChain.internalDoFilter(ApplicationFilterChain.java:235)
	at org.apache.catalina.core.ApplicationFilterChain.doFilter(ApplicationFilterChain.java:206)
	at org.apache.catalina.core.StandardWrapperValve.invoke(StandardWrapperValve.java:233)
	at org.apache.catalina.core.StandardContextValve.invoke(StandardContextValve.java:191)
	at org.apache.catalina.core.StandardHostValve.invoke(StandardHostValve.java:128)
	at org.apache.catalina.valves.ErrorReportValve.invoke(ErrorReportValve.java:102)
	at org.apache.catalina.core.StandardEngineValve.invoke(StandardEngineValve.java:109)
	at org.apache.catalina.connector.CoyoteAdapter.service(CoyoteAdapter.java:293)
	at org.apache.coyote.http11.Http11Processor.process(Http11Processor.java:849)
	at org.apache.coyote.http11.Http11Protocol$Http11ConnectionHandler.process(Http11Protocol.java:583)
	at org.apache.tomcat.util.net.JIoEndpoint$Worker.run(JIoEndpoint.java:454)
	at java.lang.Thread.run(Unknown Source)
Caused by: com.mysql.jdbc.exceptions.jdbc4.MySQLSyntaxErrorException: Unknown column 'USER_NAME' in 'field list'
	at sun.reflect.NativeConstructorAccessorImpl.newInstance0(Native Method)
	at sun.reflect.NativeConstructorAccessorImpl.newInstance(Unknown Source)
	at sun.reflect.DelegatingConstructorAccessorImpl.newInstance(Unknown Source)
	at java.lang.reflect.Constructor.newInstance(Unknown Source)
	at com.mysql.jdbc.Util.handleNewInstance(Util.java:406)
	at com.mysql.jdbc.Util.getInstance(Util.java:381)
	at com.mysql.jdbc.SQLError.createSQLException(SQLError.java:1030)
	at com.mysql.jdbc.SQLError.createSQLException(SQLError.java:956)
	at com.mysql.jdbc.MysqlIO.checkErrorPacket(MysqlIO.java:3491)
	at com.mysql.jdbc.MysqlIO.checkErrorPacket(MysqlIO.java:3423)
	at com.mysql.jdbc.MysqlIO.sendCommand(MysqlIO.java:1936)
	at com.mysql.jdbc.MysqlIO.sqlQueryDirect(MysqlIO.java:2060)
	at com.mysql.jdbc.ConnectionImpl.execSQL(ConnectionImpl.java:2542)
	at com.mysql.jdbc.PreparedStatement.executeInternal(PreparedStatement.java:1734)
	at com.mysql.jdbc.PreparedStatement.executeUpdate(PreparedStatement.java:2019)
	at com.mysql.jdbc.PreparedStatement.executeUpdate(PreparedStatement.java:1937)
	at com.mysql.jdbc.PreparedStatement.executeUpdate(PreparedStatement.java:1922)
	at org.apache.commons.dbcp.DelegatingPreparedStatement.executeUpdate(DelegatingPreparedStatement.java:105)
	at org.apache.commons.dbcp.DelegatingPreparedStatement.executeUpdate(DelegatingPreparedStatement.java:105)
	at t9.core.util.db.generics.T9JObject2SQLHepler.javaObject2InsertSQL(T9JObject2SQLHepler.java:89)
	at t9.core.util.db.generics.T9ORMInsert.doInsert(T9ORMInsert.java:35)
	at t9.core.util.db.generics.T9ORM2Obj.save(T9ORM2Obj.java:33)
	at t9.core.util.db.T9ORM.saveSingle(T9ORM.java:20)
	at t9.core.funcs.system.syslog.logic.T9SysLogLogic.addSysLog(T9SysLogLogic.java:43)
	at t9.core.funcs.system.act.T9SystemAct.loginSuccess(T9SystemAct.java:434)
	at t9.core.funcs.system.act.T9SystemAct.doLoginIn(T9SystemAct.java:334)
	... 23 more
2012-11-03 : 17-40-34-444 main yzq.t9.core.load.T9ConfigLoader 76 - System init start...
2012-11-03 : 17-40-34-845 main yzq.t9.core.data.TDCDataSources 157 - datasource mssql/t9 is built
2012-11-03 : 17-40-34-845 main yzq.t9.core.data.TDCDataSources 157 - datasource mysql/t9 is built
2012-11-03 : 17-40-34-845 main yzq.t9.core.data.TDCDataSources 157 - datasource oracle/T9DB is built
2012-11-03 : 17-40-34-845 main yzq.t9.core.load.T9ConfigLoader 117 - System init done.
2012-11-03 : 17-40-35-219 Thread-3 yzq.t9.core.autorun.T9AutoRunThread 206 - 后台线程开始运行...
2012-11-03 : 17-40-47-867 http-80-6 yzq.t9.core.servlet.TDCActionServlet 125 - 
java.lang.reflect.InvocationTargetException
	at sun.reflect.NativeMethodAccessorImpl.invoke0(Native Method)
	at sun.reflect.NativeMethodAccessorImpl.invoke(Unknown Source)
	at sun.reflect.DelegatingMethodAccessorImpl.invoke(Unknown Source)
	at java.lang.reflect.Method.invoke(Unknown Source)
	at t9.core.servlet.T9ActionServlet.doGet(T9ActionServlet.java:107)
	at t9.core.servlet.T9ActionServlet.doPost(T9ActionServlet.java:153)
	at javax.servlet.http.HttpServlet.service(HttpServlet.java:637)
	at javax.servlet.http.HttpServlet.service(HttpServlet.java:717)
	at org.apache.catalina.core.ApplicationFilterChain.internalDoFilter(ApplicationFilterChain.java:290)
	at org.apache.catalina.core.ApplicationFilterChain.doFilter(ApplicationFilterChain.java:206)
	at t9.core.servlet.T9RequestFilter.doFilter(T9RequestFilter.java:82)
	at org.apache.catalina.core.ApplicationFilterChain.internalDoFilter(ApplicationFilterChain.java:235)
	at org.apache.catalina.core.ApplicationFilterChain.doFilter(ApplicationFilterChain.java:206)
	at org.apache.catalina.core.StandardWrapperValve.invoke(StandardWrapperValve.java:233)
	at org.apache.catalina.core.StandardContextValve.invoke(StandardContextValve.java:191)
	at org.apache.catalina.core.StandardHostValve.invoke(StandardHostValve.java:128)
	at org.apache.catalina.valves.ErrorReportValve.invoke(ErrorReportValve.java:102)
	at org.apache.catalina.core.StandardEngineValve.invoke(StandardEngineValve.java:109)
	at org.apache.catalina.connector.CoyoteAdapter.service(CoyoteAdapter.java:293)
	at org.apache.coyote.http11.Http11Processor.process(Http11Processor.java:849)
	at org.apache.coyote.http11.Http11Protocol$Http11ConnectionHandler.process(Http11Protocol.java:583)
	at org.apache.tomcat.util.net.JIoEndpoint$Worker.run(JIoEndpoint.java:454)
	at java.lang.Thread.run(Unknown Source)
Caused by: com.mysql.jdbc.exceptions.jdbc4.MySQLSyntaxErrorException: Unknown column 'USER_NAME' in 'field list'
	at sun.reflect.NativeConstructorAccessorImpl.newInstance0(Native Method)
	at sun.reflect.NativeConstructorAccessorImpl.newInstance(Unknown Source)
	at sun.reflect.DelegatingConstructorAccessorImpl.newInstance(Unknown Source)
	at java.lang.reflect.Constructor.newInstance(Unknown Source)
	at com.mysql.jdbc.Util.handleNewInstance(Util.java:406)
	at com.mysql.jdbc.Util.getInstance(Util.java:381)
	at com.mysql.jdbc.SQLError.createSQLException(SQLError.java:1030)
	at com.mysql.jdbc.SQLError.createSQLException(SQLError.java:956)
	at com.mysql.jdbc.MysqlIO.checkErrorPacket(MysqlIO.java:3491)
	at com.mysql.jdbc.MysqlIO.checkErrorPacket(MysqlIO.java:3423)
	at com.mysql.jdbc.MysqlIO.sendCommand(MysqlIO.java:1936)
	at com.mysql.jdbc.MysqlIO.sqlQueryDirect(MysqlIO.java:2060)
	at com.mysql.jdbc.ConnectionImpl.execSQL(ConnectionImpl.java:2542)
	at com.mysql.jdbc.PreparedStatement.executeInternal(PreparedStatement.java:1734)
	at com.mysql.jdbc.PreparedStatement.executeUpdate(PreparedStatement.java:2019)
	at com.mysql.jdbc.PreparedStatement.executeUpdate(PreparedStatement.java:1937)
	at com.mysql.jdbc.PreparedStatement.executeUpdate(PreparedStatement.java:1922)
	at org.apache.commons.dbcp.DelegatingPreparedStatement.executeUpdate(DelegatingPreparedStatement.java:105)
	at org.apache.commons.dbcp.DelegatingPreparedStatement.executeUpdate(DelegatingPreparedStatement.java:105)
	at t9.core.util.db.generics.T9JObject2SQLHepler.javaObject2InsertSQL(T9JObject2SQLHepler.java:89)
	at t9.core.util.db.generics.T9ORMInsert.doInsert(T9ORMInsert.java:35)
	at t9.core.util.db.generics.T9ORM2Obj.save(T9ORM2Obj.java:33)
	at t9.core.util.db.T9ORM.saveSingle(T9ORM.java:20)
	at t9.core.funcs.system.syslog.logic.T9SysLogLogic.addSysLog(T9SysLogLogic.java:43)
	at t9.core.funcs.system.act.T9SystemAct.loginSuccess(T9SystemAct.java:434)
	at t9.core.funcs.system.act.T9SystemAct.doLoginIn(T9SystemAct.java:334)
	... 23 more
2012-11-03 : 17-49-36-588 main yzq.t9.core.load.T9ConfigLoader 76 - System init start...
2012-11-03 : 17-49-37-047 main yzq.t9.core.data.TDCDataSources 157 - datasource mssql/t9 is built
2012-11-03 : 17-49-37-049 main yzq.t9.core.data.TDCDataSources 157 - datasource mysql/t9 is built
2012-11-03 : 17-49-37-051 main yzq.t9.core.data.TDCDataSources 157 - datasource oracle/T9DB is built
2012-11-03 : 17-49-37-051 main yzq.t9.core.load.T9ConfigLoader 117 - System init done.
2012-11-03 : 17-49-37-646 Thread-3 yzq.t9.core.autorun.T9AutoRunThread 206 - 后台线程开始运行...
2012-11-04 : 12-58-55-145 main yzq.t9.core.load.T9ConfigLoader 76 - System init start...
2012-11-04 : 12-58-55-756 main yzq.t9.core.data.TDCDataSources 157 - datasource mssql/t9 is built
2012-11-04 : 12-58-55-757 main yzq.t9.core.data.TDCDataSources 157 - datasource mysql/t9 is built
2012-11-04 : 12-58-55-759 main yzq.t9.core.data.TDCDataSources 157 - datasource oracle/T9DB is built
2012-11-04 : 12-58-55-760 main yzq.t9.core.load.T9ConfigLoader 117 - System init done.
2012-11-04 : 12-58-56-420 Thread-3 yzq.t9.core.autorun.T9AutoRunThread 206 - 后台线程开始运行...
2012-11-05 : 12-52-00-006 main yzq.t9.core.load.T9ConfigLoader 76 - System init start...
2012-11-05 : 12-52-01-051 main yzq.t9.core.data.TDCDataSources 157 - datasource mssql/t9 is built
2012-11-05 : 12-52-01-053 main yzq.t9.core.data.TDCDataSources 157 - datasource mysql/t9 is built
2012-11-05 : 12-52-01-054 main yzq.t9.core.data.TDCDataSources 157 - datasource oracle/T9DB is built
2012-11-05 : 12-52-01-055 main yzq.t9.core.load.T9ConfigLoader 117 - System init done.
2012-11-05 : 12-52-01-880 Thread-3 yzq.t9.core.autorun.T9AutoRunThread 206 - 后台线程开始运行...
