2012-08-15 : 18-38-55-632 Thread-474 t9.core.funcs.workflow.util.T9FlowTimerAutoService 26 - Table 't9.flow_timer' doesn't exist
com.mysql.jdbc.exceptions.jdbc4.MySQLSyntaxErrorException: Table 't9.flow_timer' doesn't exist
	at sun.reflect.GeneratedConstructorAccessor21.newInstance(Unknown Source)
	at sun.reflect.DelegatingConstructorAccessorImpl.newInstance(Unknown Source)
	at java.lang.reflect.Constructor.newInstance(Unknown Source)
	at com.mysql.jdbc.Util.handleNewInstance(Util.java:406)
	at com.mysql.jdbc.Util.getInstance(Util.java:381)
	at com.mysql.jdbc.SQLError.createSQLException(SQLError.java:1030)
	at com.mysql.jdbc.SQLError.createSQLException(SQLError.java:956)
	at com.mysql.jdbc.MysqlIO.checkErrorPacket(MysqlIO.java:3491)
	at com.mysql.jdbc.MysqlIO.checkErrorPacket(MysqlIO.java:3423)
	at com.mysql.jdbc.MysqlIO.sendCommand(MysqlIO.java:1936)
	at com.mysql.jdbc.MysqlIO.sqlQueryDirect(MysqlIO.java:2060)
	at com.mysql.jdbc.ConnectionImpl.execSQL(ConnectionImpl.java:2536)
	at com.mysql.jdbc.ConnectionImpl.execSQL(ConnectionImpl.java:2465)
	at com.mysql.jdbc.StatementImpl.executeQuery(StatementImpl.java:1383)
	at org.apache.commons.dbcp.DelegatingStatement.executeQuery(DelegatingStatement.java:208)
	at org.apache.commons.dbcp.DelegatingStatement.executeQuery(DelegatingStatement.java:208)
	at t9.core.funcs.workflow.logic.T9FlowTimerLogic.timeRun(T9FlowTimerLogic.java:175)
	at t9.core.funcs.workflow.util.T9FlowTimerAutoService.doTask(T9FlowTimerAutoService.java:24)
	at t9.core.autorun.T9AutoRun.run(T9AutoRun.java:101)
	at java.lang.Thread.run(Unknown Source)
2012-08-16 : 16-37-06-411 Thread-25 t9.core.funcs.workflow.util.T9FlowTimerAutoService 26 - Table 't9.flow_timer' doesn't exist
com.mysql.jdbc.exceptions.jdbc4.MySQLSyntaxErrorException: Table 't9.flow_timer' doesn't exist
	at sun.reflect.GeneratedConstructorAccessor20.newInstance(Unknown Source)
	at sun.reflect.DelegatingConstructorAccessorImpl.newInstance(Unknown Source)
	at java.lang.reflect.Constructor.newInstance(Unknown Source)
	at com.mysql.jdbc.Util.handleNewInstance(Util.java:406)
	at com.mysql.jdbc.Util.getInstance(Util.java:381)
	at com.mysql.jdbc.SQLError.createSQLException(SQLError.java:1030)
	at com.mysql.jdbc.SQLError.createSQLException(SQLError.java:956)
	at com.mysql.jdbc.MysqlIO.checkErrorPacket(MysqlIO.java:3491)
	at com.mysql.jdbc.MysqlIO.checkErrorPacket(MysqlIO.java:3423)
	at com.mysql.jdbc.MysqlIO.sendCommand(MysqlIO.java:1936)
	at com.mysql.jdbc.MysqlIO.sqlQueryDirect(MysqlIO.java:2060)
	at com.mysql.jdbc.ConnectionImpl.execSQL(ConnectionImpl.java:2536)
	at com.mysql.jdbc.ConnectionImpl.execSQL(ConnectionImpl.java:2465)
	at com.mysql.jdbc.StatementImpl.executeQuery(StatementImpl.java:1383)
	at org.apache.commons.dbcp.DelegatingStatement.executeQuery(DelegatingStatement.java:208)
	at org.apache.commons.dbcp.DelegatingStatement.executeQuery(DelegatingStatement.java:208)
	at t9.core.funcs.workflow.logic.T9FlowTimerLogic.timeRun(T9FlowTimerLogic.java:175)
	at t9.core.funcs.workflow.util.T9FlowTimerAutoService.doTask(T9FlowTimerAutoService.java:24)
	at t9.core.autorun.T9AutoRun.run(T9AutoRun.java:101)
	at java.lang.Thread.run(Unknown Source)
2012-08-16 : 16-42-16-338 Thread-37 t9.core.funcs.workflow.util.T9FlowTimerAutoService 26 - Table 't9.flow_timer' doesn't exist
com.mysql.jdbc.exceptions.jdbc4.MySQLSyntaxErrorException: Table 't9.flow_timer' doesn't exist
	at sun.reflect.GeneratedConstructorAccessor20.newInstance(Unknown Source)
	at sun.reflect.DelegatingConstructorAccessorImpl.newInstance(Unknown Source)
	at java.lang.reflect.Constructor.newInstance(Unknown Source)
	at com.mysql.jdbc.Util.handleNewInstance(Util.java:406)
	at com.mysql.jdbc.Util.getInstance(Util.java:381)
	at com.mysql.jdbc.SQLError.createSQLException(SQLError.java:1030)
	at com.mysql.jdbc.SQLError.createSQLException(SQLError.java:956)
	at com.mysql.jdbc.MysqlIO.checkErrorPacket(MysqlIO.java:3491)
	at com.mysql.jdbc.MysqlIO.checkErrorPacket(MysqlIO.java:3423)
	at com.mysql.jdbc.MysqlIO.sendCommand(MysqlIO.java:1936)
	at com.mysql.jdbc.MysqlIO.sqlQueryDirect(MysqlIO.java:2060)
	at com.mysql.jdbc.ConnectionImpl.execSQL(ConnectionImpl.java:2536)
	at com.mysql.jdbc.ConnectionImpl.execSQL(ConnectionImpl.java:2465)
	at com.mysql.jdbc.StatementImpl.executeQuery(StatementImpl.java:1383)
	at org.apache.commons.dbcp.DelegatingStatement.executeQuery(DelegatingStatement.java:208)
	at org.apache.commons.dbcp.DelegatingStatement.executeQuery(DelegatingStatement.java:208)
	at t9.core.funcs.workflow.logic.T9FlowTimerLogic.timeRun(T9FlowTimerLogic.java:175)
	at t9.core.funcs.workflow.util.T9FlowTimerAutoService.doTask(T9FlowTimerAutoService.java:24)
	at t9.core.autorun.T9AutoRun.run(T9AutoRun.java:101)
	at java.lang.Thread.run(Unknown Source)
2012-08-16 : 16-47-26-184 Thread-52 t9.core.funcs.workflow.util.T9FlowTimerAutoService 26 - Table 't9.flow_timer' doesn't exist
com.mysql.jdbc.exceptions.jdbc4.MySQLSyntaxErrorException: Table 't9.flow_timer' doesn't exist
	at sun.reflect.GeneratedConstructorAccessor20.newInstance(Unknown Source)
	at sun.reflect.DelegatingConstructorAccessorImpl.newInstance(Unknown Source)
	at java.lang.reflect.Constructor.newInstance(Unknown Source)
	at com.mysql.jdbc.Util.handleNewInstance(Util.java:406)
	at com.mysql.jdbc.Util.getInstance(Util.java:381)
	at com.mysql.jdbc.SQLError.createSQLException(SQLError.java:1030)
	at com.mysql.jdbc.SQLError.createSQLException(SQLError.java:956)
	at com.mysql.jdbc.MysqlIO.checkErrorPacket(MysqlIO.java:3491)
	at com.mysql.jdbc.MysqlIO.checkErrorPacket(MysqlIO.java:3423)
	at com.mysql.jdbc.MysqlIO.sendCommand(MysqlIO.java:1936)
	at com.mysql.jdbc.MysqlIO.sqlQueryDirect(MysqlIO.java:2060)
	at com.mysql.jdbc.ConnectionImpl.execSQL(ConnectionImpl.java:2536)
	at com.mysql.jdbc.ConnectionImpl.execSQL(ConnectionImpl.java:2465)
	at com.mysql.jdbc.StatementImpl.executeQuery(StatementImpl.java:1383)
	at org.apache.commons.dbcp.DelegatingStatement.executeQuery(DelegatingStatement.java:208)
	at org.apache.commons.dbcp.DelegatingStatement.executeQuery(DelegatingStatement.java:208)
	at t9.core.funcs.workflow.logic.T9FlowTimerLogic.timeRun(T9FlowTimerLogic.java:175)
	at t9.core.funcs.workflow.util.T9FlowTimerAutoService.doTask(T9FlowTimerAutoService.java:24)
	at t9.core.autorun.T9AutoRun.run(T9AutoRun.java:101)
	at java.lang.Thread.run(Unknown Source)
2012-08-16 : 16-52-26-205 Thread-64 t9.core.funcs.workflow.util.T9FlowTimerAutoService 26 - Table 't9.flow_timer' doesn't exist
com.mysql.jdbc.exceptions.jdbc4.MySQLSyntaxErrorException: Table 't9.flow_timer' doesn't exist
	at sun.reflect.GeneratedConstructorAccessor20.newInstance(Unknown Source)
	at sun.reflect.DelegatingConstructorAccessorImpl.newInstance(Unknown Source)
	at java.lang.reflect.Constructor.newInstance(Unknown Source)
	at com.mysql.jdbc.Util.handleNewInstance(Util.java:406)
	at com.mysql.jdbc.Util.getInstance(Util.java:381)
	at com.mysql.jdbc.SQLError.createSQLException(SQLError.java:1030)
	at com.mysql.jdbc.SQLError.createSQLException(SQLError.java:956)
	at com.mysql.jdbc.MysqlIO.checkErrorPacket(MysqlIO.java:3491)
	at com.mysql.jdbc.MysqlIO.checkErrorPacket(MysqlIO.java:3423)
	at com.mysql.jdbc.MysqlIO.sendCommand(MysqlIO.java:1936)
	at com.mysql.jdbc.MysqlIO.sqlQueryDirect(MysqlIO.java:2060)
	at com.mysql.jdbc.ConnectionImpl.execSQL(ConnectionImpl.java:2536)
	at com.mysql.jdbc.ConnectionImpl.execSQL(ConnectionImpl.java:2465)
	at com.mysql.jdbc.StatementImpl.executeQuery(StatementImpl.java:1383)
	at org.apache.commons.dbcp.DelegatingStatement.executeQuery(DelegatingStatement.java:208)
	at org.apache.commons.dbcp.DelegatingStatement.executeQuery(DelegatingStatement.java:208)
	at t9.core.funcs.workflow.logic.T9FlowTimerLogic.timeRun(T9FlowTimerLogic.java:175)
	at t9.core.funcs.workflow.util.T9FlowTimerAutoService.doTask(T9FlowTimerAutoService.java:24)
	at t9.core.autorun.T9AutoRun.run(T9AutoRun.java:101)
	at java.lang.Thread.run(Unknown Source)
2012-08-16 : 16-57-26-322 Thread-77 t9.core.funcs.workflow.util.T9FlowTimerAutoService 26 - Table 't9.flow_timer' doesn't exist
com.mysql.jdbc.exceptions.jdbc4.MySQLSyntaxErrorException: Table 't9.flow_timer' doesn't exist
	at sun.reflect.GeneratedConstructorAccessor20.newInstance(Unknown Source)
	at sun.reflect.DelegatingConstructorAccessorImpl.newInstance(Unknown Source)
	at java.lang.reflect.Constructor.newInstance(Unknown Source)
	at com.mysql.jdbc.Util.handleNewInstance(Util.java:406)
	at com.mysql.jdbc.Util.getInstance(Util.java:381)
	at com.mysql.jdbc.SQLError.createSQLException(SQLError.java:1030)
	at com.mysql.jdbc.SQLError.createSQLException(SQLError.java:956)
	at com.mysql.jdbc.MysqlIO.checkErrorPacket(MysqlIO.java:3491)
	at com.mysql.jdbc.MysqlIO.checkErrorPacket(MysqlIO.java:3423)
	at com.mysql.jdbc.MysqlIO.sendCommand(MysqlIO.java:1936)
	at com.mysql.jdbc.MysqlIO.sqlQueryDirect(MysqlIO.java:2060)
	at com.mysql.jdbc.ConnectionImpl.execSQL(ConnectionImpl.java:2536)
	at com.mysql.jdbc.ConnectionImpl.execSQL(ConnectionImpl.java:2465)
	at com.mysql.jdbc.StatementImpl.executeQuery(StatementImpl.java:1383)
	at org.apache.commons.dbcp.DelegatingStatement.executeQuery(DelegatingStatement.java:208)
	at org.apache.commons.dbcp.DelegatingStatement.executeQuery(DelegatingStatement.java:208)
	at t9.core.funcs.workflow.logic.T9FlowTimerLogic.timeRun(T9FlowTimerLogic.java:175)
	at t9.core.funcs.workflow.util.T9FlowTimerAutoService.doTask(T9FlowTimerAutoService.java:24)
	at t9.core.autorun.T9AutoRun.run(T9AutoRun.java:101)
	at java.lang.Thread.run(Unknown Source)
2012-08-16 : 17-02-26-346 Thread-90 t9.core.funcs.workflow.util.T9FlowTimerAutoService 26 - Table 't9.flow_timer' doesn't exist
com.mysql.jdbc.exceptions.jdbc4.MySQLSyntaxErrorException: Table 't9.flow_timer' doesn't exist
	at sun.reflect.GeneratedConstructorAccessor20.newInstance(Unknown Source)
	at sun.reflect.DelegatingConstructorAccessorImpl.newInstance(Unknown Source)
	at java.lang.reflect.Constructor.newInstance(Unknown Source)
	at com.mysql.jdbc.Util.handleNewInstance(Util.java:406)
	at com.mysql.jdbc.Util.getInstance(Util.java:381)
	at com.mysql.jdbc.SQLError.createSQLException(SQLError.java:1030)
	at com.mysql.jdbc.SQLError.createSQLException(SQLError.java:956)
	at com.mysql.jdbc.MysqlIO.checkErrorPacket(MysqlIO.java:3491)
	at com.mysql.jdbc.MysqlIO.checkErrorPacket(MysqlIO.java:3423)
	at com.mysql.jdbc.MysqlIO.sendCommand(MysqlIO.java:1936)
	at com.mysql.jdbc.MysqlIO.sqlQueryDirect(MysqlIO.java:2060)
	at com.mysql.jdbc.ConnectionImpl.execSQL(ConnectionImpl.java:2536)
	at com.mysql.jdbc.ConnectionImpl.execSQL(ConnectionImpl.java:2465)
	at com.mysql.jdbc.StatementImpl.executeQuery(StatementImpl.java:1383)
	at org.apache.commons.dbcp.DelegatingStatement.executeQuery(DelegatingStatement.java:208)
	at org.apache.commons.dbcp.DelegatingStatement.executeQuery(DelegatingStatement.java:208)
	at t9.core.funcs.workflow.logic.T9FlowTimerLogic.timeRun(T9FlowTimerLogic.java:175)
	at t9.core.funcs.workflow.util.T9FlowTimerAutoService.doTask(T9FlowTimerAutoService.java:24)
	at t9.core.autorun.T9AutoRun.run(T9AutoRun.java:101)
	at java.lang.Thread.run(Unknown Source)
2012-08-16 : 17-07-26-498 Thread-102 t9.core.funcs.workflow.util.T9FlowTimerAutoService 26 - Table 't9.flow_timer' doesn't exist
com.mysql.jdbc.exceptions.jdbc4.MySQLSyntaxErrorException: Table 't9.flow_timer' doesn't exist
	at sun.reflect.GeneratedConstructorAccessor20.newInstance(Unknown Source)
	at sun.reflect.DelegatingConstructorAccessorImpl.newInstance(Unknown Source)
	at java.lang.reflect.Constructor.newInstance(Unknown Source)
	at com.mysql.jdbc.Util.handleNewInstance(Util.java:406)
	at com.mysql.jdbc.Util.getInstance(Util.java:381)
	at com.mysql.jdbc.SQLError.createSQLException(SQLError.java:1030)
	at com.mysql.jdbc.SQLError.createSQLException(SQLError.java:956)
	at com.mysql.jdbc.MysqlIO.checkErrorPacket(MysqlIO.java:3491)
	at com.mysql.jdbc.MysqlIO.checkErrorPacket(MysqlIO.java:3423)
	at com.mysql.jdbc.MysqlIO.sendCommand(MysqlIO.java:1936)
	at com.mysql.jdbc.MysqlIO.sqlQueryDirect(MysqlIO.java:2060)
	at com.mysql.jdbc.ConnectionImpl.execSQL(ConnectionImpl.java:2536)
	at com.mysql.jdbc.ConnectionImpl.execSQL(ConnectionImpl.java:2465)
	at com.mysql.jdbc.StatementImpl.executeQuery(StatementImpl.java:1383)
	at org.apache.commons.dbcp.DelegatingStatement.executeQuery(DelegatingStatement.java:208)
	at org.apache.commons.dbcp.DelegatingStatement.executeQuery(DelegatingStatement.java:208)
	at t9.core.funcs.workflow.logic.T9FlowTimerLogic.timeRun(T9FlowTimerLogic.java:175)
	at t9.core.funcs.workflow.util.T9FlowTimerAutoService.doTask(T9FlowTimerAutoService.java:24)
	at t9.core.autorun.T9AutoRun.run(T9AutoRun.java:101)
	at java.lang.Thread.run(Unknown Source)
2012-08-16 : 17-12-26-778 Thread-115 t9.core.funcs.workflow.util.T9FlowTimerAutoService 26 - Table 't9.flow_timer' doesn't exist
com.mysql.jdbc.exceptions.jdbc4.MySQLSyntaxErrorException: Table 't9.flow_timer' doesn't exist
	at sun.reflect.GeneratedConstructorAccessor20.newInstance(Unknown Source)
	at sun.reflect.DelegatingConstructorAccessorImpl.newInstance(Unknown Source)
	at java.lang.reflect.Constructor.newInstance(Unknown Source)
	at com.mysql.jdbc.Util.handleNewInstance(Util.java:406)
	at com.mysql.jdbc.Util.getInstance(Util.java:381)
	at com.mysql.jdbc.SQLError.createSQLException(SQLError.java:1030)
	at com.mysql.jdbc.SQLError.createSQLException(SQLError.java:956)
	at com.mysql.jdbc.MysqlIO.checkErrorPacket(MysqlIO.java:3491)
	at com.mysql.jdbc.MysqlIO.checkErrorPacket(MysqlIO.java:3423)
	at com.mysql.jdbc.MysqlIO.sendCommand(MysqlIO.java:1936)
	at com.mysql.jdbc.MysqlIO.sqlQueryDirect(MysqlIO.java:2060)
	at com.mysql.jdbc.ConnectionImpl.execSQL(ConnectionImpl.java:2536)
	at com.mysql.jdbc.ConnectionImpl.execSQL(ConnectionImpl.java:2465)
	at com.mysql.jdbc.StatementImpl.executeQuery(StatementImpl.java:1383)
	at org.apache.commons.dbcp.DelegatingStatement.executeQuery(DelegatingStatement.java:208)
	at org.apache.commons.dbcp.DelegatingStatement.executeQuery(DelegatingStatement.java:208)
	at t9.core.funcs.workflow.logic.T9FlowTimerLogic.timeRun(T9FlowTimerLogic.java:175)
	at t9.core.funcs.workflow.util.T9FlowTimerAutoService.doTask(T9FlowTimerAutoService.java:24)
	at t9.core.autorun.T9AutoRun.run(T9AutoRun.java:101)
	at java.lang.Thread.run(Unknown Source)
2012-08-16 : 17-17-27-021 Thread-129 t9.core.funcs.workflow.util.T9FlowTimerAutoService 26 - Table 't9.flow_timer' doesn't exist
com.mysql.jdbc.exceptions.jdbc4.MySQLSyntaxErrorException: Table 't9.flow_timer' doesn't exist
	at sun.reflect.GeneratedConstructorAccessor20.newInstance(Unknown Source)
	at sun.reflect.DelegatingConstructorAccessorImpl.newInstance(Unknown Source)
	at java.lang.reflect.Constructor.newInstance(Unknown Source)
	at com.mysql.jdbc.Util.handleNewInstance(Util.java:406)
	at com.mysql.jdbc.Util.getInstance(Util.java:381)
	at com.mysql.jdbc.SQLError.createSQLException(SQLError.java:1030)
	at com.mysql.jdbc.SQLError.createSQLException(SQLError.java:956)
	at com.mysql.jdbc.MysqlIO.checkErrorPacket(MysqlIO.java:3491)
	at com.mysql.jdbc.MysqlIO.checkErrorPacket(MysqlIO.java:3423)
	at com.mysql.jdbc.MysqlIO.sendCommand(MysqlIO.java:1936)
	at com.mysql.jdbc.MysqlIO.sqlQueryDirect(MysqlIO.java:2060)
	at com.mysql.jdbc.ConnectionImpl.execSQL(ConnectionImpl.java:2536)
	at com.mysql.jdbc.ConnectionImpl.execSQL(ConnectionImpl.java:2465)
	at com.mysql.jdbc.StatementImpl.executeQuery(StatementImpl.java:1383)
	at org.apache.commons.dbcp.DelegatingStatement.executeQuery(DelegatingStatement.java:208)
	at org.apache.commons.dbcp.DelegatingStatement.executeQuery(DelegatingStatement.java:208)
	at t9.core.funcs.workflow.logic.T9FlowTimerLogic.timeRun(T9FlowTimerLogic.java:175)
	at t9.core.funcs.workflow.util.T9FlowTimerAutoService.doTask(T9FlowTimerAutoService.java:24)
	at t9.core.autorun.T9AutoRun.run(T9AutoRun.java:101)
	at java.lang.Thread.run(Unknown Source)
2012-08-16 : 17-22-27-361 Thread-143 t9.core.funcs.workflow.util.T9FlowTimerAutoService 26 - Table 't9.flow_timer' doesn't exist
com.mysql.jdbc.exceptions.jdbc4.MySQLSyntaxErrorException: Table 't9.flow_timer' doesn't exist
	at sun.reflect.GeneratedConstructorAccessor20.newInstance(Unknown Source)
	at sun.reflect.DelegatingConstructorAccessorImpl.newInstance(Unknown Source)
	at java.lang.reflect.Constructor.newInstance(Unknown Source)
	at com.mysql.jdbc.Util.handleNewInstance(Util.java:406)
	at com.mysql.jdbc.Util.getInstance(Util.java:381)
	at com.mysql.jdbc.SQLError.createSQLException(SQLError.java:1030)
	at com.mysql.jdbc.SQLError.createSQLException(SQLError.java:956)
	at com.mysql.jdbc.MysqlIO.checkErrorPacket(MysqlIO.java:3491)
	at com.mysql.jdbc.MysqlIO.checkErrorPacket(MysqlIO.java:3423)
	at com.mysql.jdbc.MysqlIO.sendCommand(MysqlIO.java:1936)
	at com.mysql.jdbc.MysqlIO.sqlQueryDirect(MysqlIO.java:2060)
	at com.mysql.jdbc.ConnectionImpl.execSQL(ConnectionImpl.java:2536)
	at com.mysql.jdbc.ConnectionImpl.execSQL(ConnectionImpl.java:2465)
	at com.mysql.jdbc.StatementImpl.executeQuery(StatementImpl.java:1383)
	at org.apache.commons.dbcp.DelegatingStatement.executeQuery(DelegatingStatement.java:208)
	at org.apache.commons.dbcp.DelegatingStatement.executeQuery(DelegatingStatement.java:208)
	at t9.core.funcs.workflow.logic.T9FlowTimerLogic.timeRun(T9FlowTimerLogic.java:175)
	at t9.core.funcs.workflow.util.T9FlowTimerAutoService.doTask(T9FlowTimerAutoService.java:24)
	at t9.core.autorun.T9AutoRun.run(T9AutoRun.java:101)
	at java.lang.Thread.run(Unknown Source)
2012-08-16 : 17-27-27-727 Thread-157 t9.core.funcs.workflow.util.T9FlowTimerAutoService 26 - Table 't9.flow_timer' doesn't exist
com.mysql.jdbc.exceptions.jdbc4.MySQLSyntaxErrorException: Table 't9.flow_timer' doesn't exist
	at sun.reflect.GeneratedConstructorAccessor20.newInstance(Unknown Source)
	at sun.reflect.DelegatingConstructorAccessorImpl.newInstance(Unknown Source)
	at java.lang.reflect.Constructor.newInstance(Unknown Source)
	at com.mysql.jdbc.Util.handleNewInstance(Util.java:406)
	at com.mysql.jdbc.Util.getInstance(Util.java:381)
	at com.mysql.jdbc.SQLError.createSQLException(SQLError.java:1030)
	at com.mysql.jdbc.SQLError.createSQLException(SQLError.java:956)
	at com.mysql.jdbc.MysqlIO.checkErrorPacket(MysqlIO.java:3491)
	at com.mysql.jdbc.MysqlIO.checkErrorPacket(MysqlIO.java:3423)
	at com.mysql.jdbc.MysqlIO.sendCommand(MysqlIO.java:1936)
	at com.mysql.jdbc.MysqlIO.sqlQueryDirect(MysqlIO.java:2060)
	at com.mysql.jdbc.ConnectionImpl.execSQL(ConnectionImpl.java:2536)
	at com.mysql.jdbc.ConnectionImpl.execSQL(ConnectionImpl.java:2465)
	at com.mysql.jdbc.StatementImpl.executeQuery(StatementImpl.java:1383)
	at org.apache.commons.dbcp.DelegatingStatement.executeQuery(DelegatingStatement.java:208)
	at org.apache.commons.dbcp.DelegatingStatement.executeQuery(DelegatingStatement.java:208)
	at t9.core.funcs.workflow.logic.T9FlowTimerLogic.timeRun(T9FlowTimerLogic.java:175)
	at t9.core.funcs.workflow.util.T9FlowTimerAutoService.doTask(T9FlowTimerAutoService.java:24)
	at t9.core.autorun.T9AutoRun.run(T9AutoRun.java:101)
	at java.lang.Thread.run(Unknown Source)
2012-08-16 : 17-32-28-089 Thread-171 t9.core.funcs.workflow.util.T9FlowTimerAutoService 26 - Table 't9.flow_timer' doesn't exist
com.mysql.jdbc.exceptions.jdbc4.MySQLSyntaxErrorException: Table 't9.flow_timer' doesn't exist
	at sun.reflect.GeneratedConstructorAccessor20.newInstance(Unknown Source)
	at sun.reflect.DelegatingConstructorAccessorImpl.newInstance(Unknown Source)
	at java.lang.reflect.Constructor.newInstance(Unknown Source)
	at com.mysql.jdbc.Util.handleNewInstance(Util.java:406)
	at com.mysql.jdbc.Util.getInstance(Util.java:381)
	at com.mysql.jdbc.SQLError.createSQLException(SQLError.java:1030)
	at com.mysql.jdbc.SQLError.createSQLException(SQLError.java:956)
	at com.mysql.jdbc.MysqlIO.checkErrorPacket(MysqlIO.java:3491)
	at com.mysql.jdbc.MysqlIO.checkErrorPacket(MysqlIO.java:3423)
	at com.mysql.jdbc.MysqlIO.sendCommand(MysqlIO.java:1936)
	at com.mysql.jdbc.MysqlIO.sqlQueryDirect(MysqlIO.java:2060)
	at com.mysql.jdbc.ConnectionImpl.execSQL(ConnectionImpl.java:2536)
	at com.mysql.jdbc.ConnectionImpl.execSQL(ConnectionImpl.java:2465)
	at com.mysql.jdbc.StatementImpl.executeQuery(StatementImpl.java:1383)
	at org.apache.commons.dbcp.DelegatingStatement.executeQuery(DelegatingStatement.java:208)
	at org.apache.commons.dbcp.DelegatingStatement.executeQuery(DelegatingStatement.java:208)
	at t9.core.funcs.workflow.logic.T9FlowTimerLogic.timeRun(T9FlowTimerLogic.java:175)
	at t9.core.funcs.workflow.util.T9FlowTimerAutoService.doTask(T9FlowTimerAutoService.java:24)
	at t9.core.autorun.T9AutoRun.run(T9AutoRun.java:101)
	at java.lang.Thread.run(Unknown Source)
2012-08-16 : 17-37-28-442 Thread-185 t9.core.funcs.workflow.util.T9FlowTimerAutoService 26 - Table 't9.flow_timer' doesn't exist
com.mysql.jdbc.exceptions.jdbc4.MySQLSyntaxErrorException: Table 't9.flow_timer' doesn't exist
	at sun.reflect.GeneratedConstructorAccessor20.newInstance(Unknown Source)
	at sun.reflect.DelegatingConstructorAccessorImpl.newInstance(Unknown Source)
	at java.lang.reflect.Constructor.newInstance(Unknown Source)
	at com.mysql.jdbc.Util.handleNewInstance(Util.java:406)
	at com.mysql.jdbc.Util.getInstance(Util.java:381)
	at com.mysql.jdbc.SQLError.createSQLException(SQLError.java:1030)
	at com.mysql.jdbc.SQLError.createSQLException(SQLError.java:956)
	at com.mysql.jdbc.MysqlIO.checkErrorPacket(MysqlIO.java:3491)
	at com.mysql.jdbc.MysqlIO.checkErrorPacket(MysqlIO.java:3423)
	at com.mysql.jdbc.MysqlIO.sendCommand(MysqlIO.java:1936)
	at com.mysql.jdbc.MysqlIO.sqlQueryDirect(MysqlIO.java:2060)
	at com.mysql.jdbc.ConnectionImpl.execSQL(ConnectionImpl.java:2536)
	at com.mysql.jdbc.ConnectionImpl.execSQL(ConnectionImpl.java:2465)
	at com.mysql.jdbc.StatementImpl.executeQuery(StatementImpl.java:1383)
	at org.apache.commons.dbcp.DelegatingStatement.executeQuery(DelegatingStatement.java:208)
	at org.apache.commons.dbcp.DelegatingStatement.executeQuery(DelegatingStatement.java:208)
	at t9.core.funcs.workflow.logic.T9FlowTimerLogic.timeRun(T9FlowTimerLogic.java:175)
	at t9.core.funcs.workflow.util.T9FlowTimerAutoService.doTask(T9FlowTimerAutoService.java:24)
	at t9.core.autorun.T9AutoRun.run(T9AutoRun.java:101)
	at java.lang.Thread.run(Unknown Source)
2012-08-16 : 17-42-28-846 Thread-199 t9.core.funcs.workflow.util.T9FlowTimerAutoService 26 - Table 't9.flow_timer' doesn't exist
com.mysql.jdbc.exceptions.jdbc4.MySQLSyntaxErrorException: Table 't9.flow_timer' doesn't exist
	at sun.reflect.GeneratedConstructorAccessor20.newInstance(Unknown Source)
	at sun.reflect.DelegatingConstructorAccessorImpl.newInstance(Unknown Source)
	at java.lang.reflect.Constructor.newInstance(Unknown Source)
	at com.mysql.jdbc.Util.handleNewInstance(Util.java:406)
	at com.mysql.jdbc.Util.getInstance(Util.java:381)
	at com.mysql.jdbc.SQLError.createSQLException(SQLError.java:1030)
	at com.mysql.jdbc.SQLError.createSQLException(SQLError.java:956)
	at com.mysql.jdbc.MysqlIO.checkErrorPacket(MysqlIO.java:3491)
	at com.mysql.jdbc.MysqlIO.checkErrorPacket(MysqlIO.java:3423)
	at com.mysql.jdbc.MysqlIO.sendCommand(MysqlIO.java:1936)
	at com.mysql.jdbc.MysqlIO.sqlQueryDirect(MysqlIO.java:2060)
	at com.mysql.jdbc.ConnectionImpl.execSQL(ConnectionImpl.java:2536)
	at com.mysql.jdbc.ConnectionImpl.execSQL(ConnectionImpl.java:2465)
	at com.mysql.jdbc.StatementImpl.executeQuery(StatementImpl.java:1383)
	at org.apache.commons.dbcp.DelegatingStatement.executeQuery(DelegatingStatement.java:208)
	at org.apache.commons.dbcp.DelegatingStatement.executeQuery(DelegatingStatement.java:208)
	at t9.core.funcs.workflow.logic.T9FlowTimerLogic.timeRun(T9FlowTimerLogic.java:175)
	at t9.core.funcs.workflow.util.T9FlowTimerAutoService.doTask(T9FlowTimerAutoService.java:24)
	at t9.core.autorun.T9AutoRun.run(T9AutoRun.java:101)
	at java.lang.Thread.run(Unknown Source)
2012-08-16 : 17-47-29-285 Thread-212 t9.core.funcs.workflow.util.T9FlowTimerAutoService 26 - Table 't9.flow_timer' doesn't exist
com.mysql.jdbc.exceptions.jdbc4.MySQLSyntaxErrorException: Table 't9.flow_timer' doesn't exist
	at sun.reflect.GeneratedConstructorAccessor20.newInstance(Unknown Source)
	at sun.reflect.DelegatingConstructorAccessorImpl.newInstance(Unknown Source)
	at java.lang.reflect.Constructor.newInstance(Unknown Source)
	at com.mysql.jdbc.Util.handleNewInstance(Util.java:406)
	at com.mysql.jdbc.Util.getInstance(Util.java:381)
	at com.mysql.jdbc.SQLError.createSQLException(SQLError.java:1030)
	at com.mysql.jdbc.SQLError.createSQLException(SQLError.java:956)
	at com.mysql.jdbc.MysqlIO.checkErrorPacket(MysqlIO.java:3491)
	at com.mysql.jdbc.MysqlIO.checkErrorPacket(MysqlIO.java:3423)
	at com.mysql.jdbc.MysqlIO.sendCommand(MysqlIO.java:1936)
	at com.mysql.jdbc.MysqlIO.sqlQueryDirect(MysqlIO.java:2060)
	at com.mysql.jdbc.ConnectionImpl.execSQL(ConnectionImpl.java:2536)
	at com.mysql.jdbc.ConnectionImpl.execSQL(ConnectionImpl.java:2465)
	at com.mysql.jdbc.StatementImpl.executeQuery(StatementImpl.java:1383)
	at org.apache.commons.dbcp.DelegatingStatement.executeQuery(DelegatingStatement.java:208)
	at org.apache.commons.dbcp.DelegatingStatement.executeQuery(DelegatingStatement.java:208)
	at t9.core.funcs.workflow.logic.T9FlowTimerLogic.timeRun(T9FlowTimerLogic.java:175)
	at t9.core.funcs.workflow.util.T9FlowTimerAutoService.doTask(T9FlowTimerAutoService.java:24)
	at t9.core.autorun.T9AutoRun.run(T9AutoRun.java:101)
	at java.lang.Thread.run(Unknown Source)
2012-08-16 : 17-52-29-412 Thread-226 t9.core.funcs.workflow.util.T9FlowTimerAutoService 26 - Table 't9.flow_timer' doesn't exist
com.mysql.jdbc.exceptions.jdbc4.MySQLSyntaxErrorException: Table 't9.flow_timer' doesn't exist
	at sun.reflect.GeneratedConstructorAccessor20.newInstance(Unknown Source)
	at sun.reflect.DelegatingConstructorAccessorImpl.newInstance(Unknown Source)
	at java.lang.reflect.Constructor.newInstance(Unknown Source)
	at com.mysql.jdbc.Util.handleNewInstance(Util.java:406)
	at com.mysql.jdbc.Util.getInstance(Util.java:381)
	at com.mysql.jdbc.SQLError.createSQLException(SQLError.java:1030)
	at com.mysql.jdbc.SQLError.createSQLException(SQLError.java:956)
	at com.mysql.jdbc.MysqlIO.checkErrorPacket(MysqlIO.java:3491)
	at com.mysql.jdbc.MysqlIO.checkErrorPacket(MysqlIO.java:3423)
	at com.mysql.jdbc.MysqlIO.sendCommand(MysqlIO.java:1936)
	at com.mysql.jdbc.MysqlIO.sqlQueryDirect(MysqlIO.java:2060)
	at com.mysql.jdbc.ConnectionImpl.execSQL(ConnectionImpl.java:2536)
	at com.mysql.jdbc.ConnectionImpl.execSQL(ConnectionImpl.java:2465)
	at com.mysql.jdbc.StatementImpl.executeQuery(StatementImpl.java:1383)
	at org.apache.commons.dbcp.DelegatingStatement.executeQuery(DelegatingStatement.java:208)
	at org.apache.commons.dbcp.DelegatingStatement.executeQuery(DelegatingStatement.java:208)
	at t9.core.funcs.workflow.logic.T9FlowTimerLogic.timeRun(T9FlowTimerLogic.java:175)
	at t9.core.funcs.workflow.util.T9FlowTimerAutoService.doTask(T9FlowTimerAutoService.java:24)
	at t9.core.autorun.T9AutoRun.run(T9AutoRun.java:101)
	at java.lang.Thread.run(Unknown Source)
2012-08-16 : 17-57-29-695 Thread-240 t9.core.funcs.workflow.util.T9FlowTimerAutoService 26 - Table 't9.flow_timer' doesn't exist
com.mysql.jdbc.exceptions.jdbc4.MySQLSyntaxErrorException: Table 't9.flow_timer' doesn't exist
	at sun.reflect.GeneratedConstructorAccessor20.newInstance(Unknown Source)
	at sun.reflect.DelegatingConstructorAccessorImpl.newInstance(Unknown Source)
	at java.lang.reflect.Constructor.newInstance(Unknown Source)
	at com.mysql.jdbc.Util.handleNewInstance(Util.java:406)
	at com.mysql.jdbc.Util.getInstance(Util.java:381)
	at com.mysql.jdbc.SQLError.createSQLException(SQLError.java:1030)
	at com.mysql.jdbc.SQLError.createSQLException(SQLError.java:956)
	at com.mysql.jdbc.MysqlIO.checkErrorPacket(MysqlIO.java:3491)
	at com.mysql.jdbc.MysqlIO.checkErrorPacket(MysqlIO.java:3423)
	at com.mysql.jdbc.MysqlIO.sendCommand(MysqlIO.java:1936)
	at com.mysql.jdbc.MysqlIO.sqlQueryDirect(MysqlIO.java:2060)
	at com.mysql.jdbc.ConnectionImpl.execSQL(ConnectionImpl.java:2536)
	at com.mysql.jdbc.ConnectionImpl.execSQL(ConnectionImpl.java:2465)
	at com.mysql.jdbc.StatementImpl.executeQuery(StatementImpl.java:1383)
	at org.apache.commons.dbcp.DelegatingStatement.executeQuery(DelegatingStatement.java:208)
	at org.apache.commons.dbcp.DelegatingStatement.executeQuery(DelegatingStatement.java:208)
	at t9.core.funcs.workflow.logic.T9FlowTimerLogic.timeRun(T9FlowTimerLogic.java:175)
	at t9.core.funcs.workflow.util.T9FlowTimerAutoService.doTask(T9FlowTimerAutoService.java:24)
	at t9.core.autorun.T9AutoRun.run(T9AutoRun.java:101)
	at java.lang.Thread.run(Unknown Source)
2012-08-16 : 18-02-30-376 Thread-252 t9.core.funcs.workflow.util.T9FlowTimerAutoService 26 - Table 't9.flow_timer' doesn't exist
com.mysql.jdbc.exceptions.jdbc4.MySQLSyntaxErrorException: Table 't9.flow_timer' doesn't exist
	at sun.reflect.NativeConstructorAccessorImpl.newInstance0(Native Method)
	at sun.reflect.NativeConstructorAccessorImpl.newInstance(Unknown Source)
	at sun.reflect.DelegatingConstructorAccessorImpl.newInstance(Unknown Source)
	at java.lang.reflect.Constructor.newInstance(Unknown Source)
	at com.mysql.jdbc.Util.handleNewInstance(Util.java:406)
	at com.mysql.jdbc.Util.getInstance(Util.java:381)
	at com.mysql.jdbc.SQLError.createSQLException(SQLError.java:1030)
	at com.mysql.jdbc.SQLError.createSQLException(SQLError.java:956)
	at com.mysql.jdbc.MysqlIO.checkErrorPacket(MysqlIO.java:3491)
	at com.mysql.jdbc.MysqlIO.checkErrorPacket(MysqlIO.java:3423)
	at com.mysql.jdbc.MysqlIO.sendCommand(MysqlIO.java:1936)
	at com.mysql.jdbc.MysqlIO.sqlQueryDirect(MysqlIO.java:2060)
	at com.mysql.jdbc.ConnectionImpl.execSQL(ConnectionImpl.java:2536)
	at com.mysql.jdbc.ConnectionImpl.execSQL(ConnectionImpl.java:2465)
	at com.mysql.jdbc.StatementImpl.executeQuery(StatementImpl.java:1383)
	at org.apache.commons.dbcp.DelegatingStatement.executeQuery(DelegatingStatement.java:208)
	at org.apache.commons.dbcp.DelegatingStatement.executeQuery(DelegatingStatement.java:208)
	at t9.core.funcs.workflow.logic.T9FlowTimerLogic.timeRun(T9FlowTimerLogic.java:175)
	at t9.core.funcs.workflow.util.T9FlowTimerAutoService.doTask(T9FlowTimerAutoService.java:24)
	at t9.core.autorun.T9AutoRun.run(T9AutoRun.java:101)
	at java.lang.Thread.run(Unknown Source)
2012-08-16 : 18-07-30-618 Thread-266 t9.core.funcs.workflow.util.T9FlowTimerAutoService 26 - Table 't9.flow_timer' doesn't exist
com.mysql.jdbc.exceptions.jdbc4.MySQLSyntaxErrorException: Table 't9.flow_timer' doesn't exist
	at sun.reflect.NativeConstructorAccessorImpl.newInstance0(Native Method)
	at sun.reflect.NativeConstructorAccessorImpl.newInstance(Unknown Source)
	at sun.reflect.DelegatingConstructorAccessorImpl.newInstance(Unknown Source)
	at java.lang.reflect.Constructor.newInstance(Unknown Source)
	at com.mysql.jdbc.Util.handleNewInstance(Util.java:406)
	at com.mysql.jdbc.Util.getInstance(Util.java:381)
	at com.mysql.jdbc.SQLError.createSQLException(SQLError.java:1030)
	at com.mysql.jdbc.SQLError.createSQLException(SQLError.java:956)
	at com.mysql.jdbc.MysqlIO.checkErrorPacket(MysqlIO.java:3491)
	at com.mysql.jdbc.MysqlIO.checkErrorPacket(MysqlIO.java:3423)
	at com.mysql.jdbc.MysqlIO.sendCommand(MysqlIO.java:1936)
	at com.mysql.jdbc.MysqlIO.sqlQueryDirect(MysqlIO.java:2060)
	at com.mysql.jdbc.ConnectionImpl.execSQL(ConnectionImpl.java:2536)
	at com.mysql.jdbc.ConnectionImpl.execSQL(ConnectionImpl.java:2465)
	at com.mysql.jdbc.StatementImpl.executeQuery(StatementImpl.java:1383)
	at org.apache.commons.dbcp.DelegatingStatement.executeQuery(DelegatingStatement.java:208)
	at org.apache.commons.dbcp.DelegatingStatement.executeQuery(DelegatingStatement.java:208)
	at t9.core.funcs.workflow.logic.T9FlowTimerLogic.timeRun(T9FlowTimerLogic.java:175)
	at t9.core.funcs.workflow.util.T9FlowTimerAutoService.doTask(T9FlowTimerAutoService.java:24)
	at t9.core.autorun.T9AutoRun.run(T9AutoRun.java:101)
	at java.lang.Thread.run(Unknown Source)
2012-08-16 : 18-12-30-895 Thread-280 t9.core.funcs.workflow.util.T9FlowTimerAutoService 26 - Table 't9.flow_timer' doesn't exist
com.mysql.jdbc.exceptions.jdbc4.MySQLSyntaxErrorException: Table 't9.flow_timer' doesn't exist
	at sun.reflect.NativeConstructorAccessorImpl.newInstance0(Native Method)
	at sun.reflect.NativeConstructorAccessorImpl.newInstance(Unknown Source)
	at sun.reflect.DelegatingConstructorAccessorImpl.newInstance(Unknown Source)
	at java.lang.reflect.Constructor.newInstance(Unknown Source)
	at com.mysql.jdbc.Util.handleNewInstance(Util.java:406)
	at com.mysql.jdbc.Util.getInstance(Util.java:381)
	at com.mysql.jdbc.SQLError.createSQLException(SQLError.java:1030)
	at com.mysql.jdbc.SQLError.createSQLException(SQLError.java:956)
	at com.mysql.jdbc.MysqlIO.checkErrorPacket(MysqlIO.java:3491)
	at com.mysql.jdbc.MysqlIO.checkErrorPacket(MysqlIO.java:3423)
	at com.mysql.jdbc.MysqlIO.sendCommand(MysqlIO.java:1936)
	at com.mysql.jdbc.MysqlIO.sqlQueryDirect(MysqlIO.java:2060)
	at com.mysql.jdbc.ConnectionImpl.execSQL(ConnectionImpl.java:2536)
	at com.mysql.jdbc.ConnectionImpl.execSQL(ConnectionImpl.java:2465)
	at com.mysql.jdbc.StatementImpl.executeQuery(StatementImpl.java:1383)
	at org.apache.commons.dbcp.DelegatingStatement.executeQuery(DelegatingStatement.java:208)
	at org.apache.commons.dbcp.DelegatingStatement.executeQuery(DelegatingStatement.java:208)
	at t9.core.funcs.workflow.logic.T9FlowTimerLogic.timeRun(T9FlowTimerLogic.java:175)
	at t9.core.funcs.workflow.util.T9FlowTimerAutoService.doTask(T9FlowTimerAutoService.java:24)
	at t9.core.autorun.T9AutoRun.run(T9AutoRun.java:101)
	at java.lang.Thread.run(Unknown Source)
2012-08-16 : 18-17-31-267 Thread-294 t9.core.funcs.workflow.util.T9FlowTimerAutoService 26 - Table 't9.flow_timer' doesn't exist
com.mysql.jdbc.exceptions.jdbc4.MySQLSyntaxErrorException: Table 't9.flow_timer' doesn't exist
	at sun.reflect.NativeConstructorAccessorImpl.newInstance0(Native Method)
	at sun.reflect.NativeConstructorAccessorImpl.newInstance(Unknown Source)
	at sun.reflect.DelegatingConstructorAccessorImpl.newInstance(Unknown Source)
	at java.lang.reflect.Constructor.newInstance(Unknown Source)
	at com.mysql.jdbc.Util.handleNewInstance(Util.java:406)
	at com.mysql.jdbc.Util.getInstance(Util.java:381)
	at com.mysql.jdbc.SQLError.createSQLException(SQLError.java:1030)
	at com.mysql.jdbc.SQLError.createSQLException(SQLError.java:956)
	at com.mysql.jdbc.MysqlIO.checkErrorPacket(MysqlIO.java:3491)
	at com.mysql.jdbc.MysqlIO.checkErrorPacket(MysqlIO.java:3423)
	at com.mysql.jdbc.MysqlIO.sendCommand(MysqlIO.java:1936)
	at com.mysql.jdbc.MysqlIO.sqlQueryDirect(MysqlIO.java:2060)
	at com.mysql.jdbc.ConnectionImpl.execSQL(ConnectionImpl.java:2536)
	at com.mysql.jdbc.ConnectionImpl.execSQL(ConnectionImpl.java:2465)
	at com.mysql.jdbc.StatementImpl.executeQuery(StatementImpl.java:1383)
	at org.apache.commons.dbcp.DelegatingStatement.executeQuery(DelegatingStatement.java:208)
	at org.apache.commons.dbcp.DelegatingStatement.executeQuery(DelegatingStatement.java:208)
	at t9.core.funcs.workflow.logic.T9FlowTimerLogic.timeRun(T9FlowTimerLogic.java:175)
	at t9.core.funcs.workflow.util.T9FlowTimerAutoService.doTask(T9FlowTimerAutoService.java:24)
	at t9.core.autorun.T9AutoRun.run(T9AutoRun.java:101)
	at java.lang.Thread.run(Unknown Source)
2012-08-16 : 18-22-31-649 Thread-308 t9.core.funcs.workflow.util.T9FlowTimerAutoService 26 - Table 't9.flow_timer' doesn't exist
com.mysql.jdbc.exceptions.jdbc4.MySQLSyntaxErrorException: Table 't9.flow_timer' doesn't exist
	at sun.reflect.NativeConstructorAccessorImpl.newInstance0(Native Method)
	at sun.reflect.NativeConstructorAccessorImpl.newInstance(Unknown Source)
	at sun.reflect.DelegatingConstructorAccessorImpl.newInstance(Unknown Source)
	at java.lang.reflect.Constructor.newInstance(Unknown Source)
	at com.mysql.jdbc.Util.handleNewInstance(Util.java:406)
	at com.mysql.jdbc.Util.getInstance(Util.java:381)
	at com.mysql.jdbc.SQLError.createSQLException(SQLError.java:1030)
	at com.mysql.jdbc.SQLError.createSQLException(SQLError.java:956)
	at com.mysql.jdbc.MysqlIO.checkErrorPacket(MysqlIO.java:3491)
	at com.mysql.jdbc.MysqlIO.checkErrorPacket(MysqlIO.java:3423)
	at com.mysql.jdbc.MysqlIO.sendCommand(MysqlIO.java:1936)
	at com.mysql.jdbc.MysqlIO.sqlQueryDirect(MysqlIO.java:2060)
	at com.mysql.jdbc.ConnectionImpl.execSQL(ConnectionImpl.java:2536)
	at com.mysql.jdbc.ConnectionImpl.execSQL(ConnectionImpl.java:2465)
	at com.mysql.jdbc.StatementImpl.executeQuery(StatementImpl.java:1383)
	at org.apache.commons.dbcp.DelegatingStatement.executeQuery(DelegatingStatement.java:208)
	at org.apache.commons.dbcp.DelegatingStatement.executeQuery(DelegatingStatement.java:208)
	at t9.core.funcs.workflow.logic.T9FlowTimerLogic.timeRun(T9FlowTimerLogic.java:175)
	at t9.core.funcs.workflow.util.T9FlowTimerAutoService.doTask(T9FlowTimerAutoService.java:24)
	at t9.core.autorun.T9AutoRun.run(T9AutoRun.java:101)
	at java.lang.Thread.run(Unknown Source)
2012-11-01 : 11-19-27-895 Thread-20 t9.core.funcs.workflow.util.T9FlowTimerAutoService 26 - Cannot create PoolableConnectionFactory (Io 异常: The Network Adapter could not establish the connection)
org.apache.commons.dbcp.SQLNestedException: Cannot create PoolableConnectionFactory (Io 异常: The Network Adapter could not establish the connection)
	at org.apache.commons.dbcp.BasicDataSource.createPoolableConnectionFactory(BasicDataSource.java:1549)
	at org.apache.commons.dbcp.BasicDataSource.createDataSource(BasicDataSource.java:1388)
	at org.apache.commons.dbcp.BasicDataSource.getConnection(BasicDataSource.java:1044)
	at t9.core.data.T9RequestDbConn.getDbConn(T9RequestDbConn.java:65)
	at t9.core.data.T9RequestDbConn.getSysDbConn(T9RequestDbConn.java:90)
	at t9.core.funcs.workflow.util.T9FlowTimerAutoService.doTask(T9FlowTimerAutoService.java:22)
	at t9.core.autorun.T9AutoRun.run(T9AutoRun.java:101)
	at java.lang.Thread.run(Unknown Source)
Caused by: java.sql.SQLException: Io 异常: The Network Adapter could not establish the connection
	at oracle.jdbc.driver.SQLStateMapping.newSQLException(SQLStateMapping.java:74)
	at oracle.jdbc.driver.DatabaseError.newSQLException(DatabaseError.java:110)
	at oracle.jdbc.driver.DatabaseError.throwSqlException(DatabaseError.java:171)
	at oracle.jdbc.driver.DatabaseError.throwSqlException(DatabaseError.java:227)
	at oracle.jdbc.driver.DatabaseError.throwSqlException(DatabaseError.java:494)
	at oracle.jdbc.driver.T4CConnection.logon(T4CConnection.java:411)
	at oracle.jdbc.driver.PhysicalConnection.<init>(PhysicalConnection.java:490)
	at oracle.jdbc.driver.T4CConnection.<init>(T4CConnection.java:202)
	at oracle.jdbc.driver.T4CDriverExtension.getConnection(T4CDriverExtension.java:33)
	at oracle.jdbc.driver.OracleDriver.connect(OracleDriver.java:474)
	at org.apache.commons.dbcp.DriverConnectionFactory.createConnection(DriverConnectionFactory.java:38)
	at org.apache.commons.dbcp.PoolableConnectionFactory.makeObject(PoolableConnectionFactory.java:582)
	at org.apache.commons.dbcp.BasicDataSource.validateConnectionFactory(BasicDataSource.java:1556)
	at org.apache.commons.dbcp.BasicDataSource.createPoolableConnectionFactory(BasicDataSource.java:1545)
	... 7 more
2012-11-01 : 11-19-30-969 Thread-23 t9.core.funcs.workflow.util.T9WorkFlowAutoService 27 - Cannot create PoolableConnectionFactory (Io 异常: The Network Adapter could not establish the connection)
org.apache.commons.dbcp.SQLNestedException: Cannot create PoolableConnectionFactory (Io 异常: The Network Adapter could not establish the connection)
	at org.apache.commons.dbcp.BasicDataSource.createPoolableConnectionFactory(BasicDataSource.java:1549)
	at org.apache.commons.dbcp.BasicDataSource.createDataSource(BasicDataSource.java:1388)
	at org.apache.commons.dbcp.BasicDataSource.getConnection(BasicDataSource.java:1044)
	at t9.core.data.T9RequestDbConn.getDbConn(T9RequestDbConn.java:65)
	at t9.core.data.T9RequestDbConn.getSysDbConn(T9RequestDbConn.java:90)
	at t9.core.funcs.workflow.util.T9WorkFlowAutoService.doTask(T9WorkFlowAutoService.java:22)
	at t9.core.autorun.T9AutoRun.run(T9AutoRun.java:101)
	at java.lang.Thread.run(Unknown Source)
Caused by: java.sql.SQLException: Io 异常: The Network Adapter could not establish the connection
	at oracle.jdbc.driver.SQLStateMapping.newSQLException(SQLStateMapping.java:74)
	at oracle.jdbc.driver.DatabaseError.newSQLException(DatabaseError.java:110)
	at oracle.jdbc.driver.DatabaseError.throwSqlException(DatabaseError.java:171)
	at oracle.jdbc.driver.DatabaseError.throwSqlException(DatabaseError.java:227)
	at oracle.jdbc.driver.DatabaseError.throwSqlException(DatabaseError.java:494)
	at oracle.jdbc.driver.T4CConnection.logon(T4CConnection.java:411)
	at oracle.jdbc.driver.PhysicalConnection.<init>(PhysicalConnection.java:490)
	at oracle.jdbc.driver.T4CConnection.<init>(T4CConnection.java:202)
	at oracle.jdbc.driver.T4CDriverExtension.getConnection(T4CDriverExtension.java:33)
	at oracle.jdbc.driver.OracleDriver.connect(OracleDriver.java:474)
	at org.apache.commons.dbcp.DriverConnectionFactory.createConnection(DriverConnectionFactory.java:38)
	at org.apache.commons.dbcp.PoolableConnectionFactory.makeObject(PoolableConnectionFactory.java:582)
	at org.apache.commons.dbcp.BasicDataSource.validateConnectionFactory(BasicDataSource.java:1556)
	at org.apache.commons.dbcp.BasicDataSource.createPoolableConnectionFactory(BasicDataSource.java:1545)
	... 7 more
2012-11-01 : 11-28-29-068 Thread-21 t9.core.funcs.workflow.util.T9FlowTimerAutoService 26 - Cannot create PoolableConnectionFactory (Io 异常: The Network Adapter could not establish the connection)
org.apache.commons.dbcp.SQLNestedException: Cannot create PoolableConnectionFactory (Io 异常: The Network Adapter could not establish the connection)
	at org.apache.commons.dbcp.BasicDataSource.createPoolableConnectionFactory(BasicDataSource.java:1549)
	at org.apache.commons.dbcp.BasicDataSource.createDataSource(BasicDataSource.java:1388)
	at org.apache.commons.dbcp.BasicDataSource.getConnection(BasicDataSource.java:1044)
	at t9.core.data.T9RequestDbConn.getDbConn(T9RequestDbConn.java:65)
	at t9.core.data.T9RequestDbConn.getSysDbConn(T9RequestDbConn.java:90)
	at t9.core.funcs.workflow.util.T9FlowTimerAutoService.doTask(T9FlowTimerAutoService.java:22)
	at t9.core.autorun.T9AutoRun.run(T9AutoRun.java:101)
	at java.lang.Thread.run(Unknown Source)
Caused by: java.sql.SQLException: Io 异常: The Network Adapter could not establish the connection
	at oracle.jdbc.driver.SQLStateMapping.newSQLException(SQLStateMapping.java:74)
	at oracle.jdbc.driver.DatabaseError.newSQLException(DatabaseError.java:110)
	at oracle.jdbc.driver.DatabaseError.throwSqlException(DatabaseError.java:171)
	at oracle.jdbc.driver.DatabaseError.throwSqlException(DatabaseError.java:227)
	at oracle.jdbc.driver.DatabaseError.throwSqlException(DatabaseError.java:494)
	at oracle.jdbc.driver.T4CConnection.logon(T4CConnection.java:411)
	at oracle.jdbc.driver.PhysicalConnection.<init>(PhysicalConnection.java:490)
	at oracle.jdbc.driver.T4CConnection.<init>(T4CConnection.java:202)
	at oracle.jdbc.driver.T4CDriverExtension.getConnection(T4CDriverExtension.java:33)
	at oracle.jdbc.driver.OracleDriver.connect(OracleDriver.java:474)
	at org.apache.commons.dbcp.DriverConnectionFactory.createConnection(DriverConnectionFactory.java:38)
	at org.apache.commons.dbcp.PoolableConnectionFactory.makeObject(PoolableConnectionFactory.java:582)
	at org.apache.commons.dbcp.BasicDataSource.validateConnectionFactory(BasicDataSource.java:1556)
	at org.apache.commons.dbcp.BasicDataSource.createPoolableConnectionFactory(BasicDataSource.java:1545)
	... 7 more
2012-11-01 : 11-28-32-135 Thread-24 t9.core.funcs.workflow.util.T9WorkFlowAutoService 27 - Cannot create PoolableConnectionFactory (Io 异常: The Network Adapter could not establish the connection)
org.apache.commons.dbcp.SQLNestedException: Cannot create PoolableConnectionFactory (Io 异常: The Network Adapter could not establish the connection)
	at org.apache.commons.dbcp.BasicDataSource.createPoolableConnectionFactory(BasicDataSource.java:1549)
	at org.apache.commons.dbcp.BasicDataSource.createDataSource(BasicDataSource.java:1388)
	at org.apache.commons.dbcp.BasicDataSource.getConnection(BasicDataSource.java:1044)
	at t9.core.data.T9RequestDbConn.getDbConn(T9RequestDbConn.java:65)
	at t9.core.data.T9RequestDbConn.getSysDbConn(T9RequestDbConn.java:90)
	at t9.core.funcs.workflow.util.T9WorkFlowAutoService.doTask(T9WorkFlowAutoService.java:22)
	at t9.core.autorun.T9AutoRun.run(T9AutoRun.java:101)
	at java.lang.Thread.run(Unknown Source)
Caused by: java.sql.SQLException: Io 异常: The Network Adapter could not establish the connection
	at oracle.jdbc.driver.SQLStateMapping.newSQLException(SQLStateMapping.java:74)
	at oracle.jdbc.driver.DatabaseError.newSQLException(DatabaseError.java:110)
	at oracle.jdbc.driver.DatabaseError.throwSqlException(DatabaseError.java:171)
	at oracle.jdbc.driver.DatabaseError.throwSqlException(DatabaseError.java:227)
	at oracle.jdbc.driver.DatabaseError.throwSqlException(DatabaseError.java:494)
	at oracle.jdbc.driver.T4CConnection.logon(T4CConnection.java:411)
	at oracle.jdbc.driver.PhysicalConnection.<init>(PhysicalConnection.java:490)
	at oracle.jdbc.driver.T4CConnection.<init>(T4CConnection.java:202)
	at oracle.jdbc.driver.T4CDriverExtension.getConnection(T4CDriverExtension.java:33)
	at oracle.jdbc.driver.OracleDriver.connect(OracleDriver.java:474)
	at org.apache.commons.dbcp.DriverConnectionFactory.createConnection(DriverConnectionFactory.java:38)
	at org.apache.commons.dbcp.PoolableConnectionFactory.makeObject(PoolableConnectionFactory.java:582)
	at org.apache.commons.dbcp.BasicDataSource.validateConnectionFactory(BasicDataSource.java:1556)
	at org.apache.commons.dbcp.BasicDataSource.createPoolableConnectionFactory(BasicDataSource.java:1545)
	... 7 more
2012-11-01 : 11-33-40-438 Thread-36 t9.core.funcs.workflow.util.T9WorkFlowAutoService 27 - Cannot create PoolableConnectionFactory (Io 异常: The Network Adapter could not establish the connection)
org.apache.commons.dbcp.SQLNestedException: Cannot create PoolableConnectionFactory (Io 异常: The Network Adapter could not establish the connection)
	at org.apache.commons.dbcp.BasicDataSource.createPoolableConnectionFactory(BasicDataSource.java:1549)
	at org.apache.commons.dbcp.BasicDataSource.createDataSource(BasicDataSource.java:1388)
	at org.apache.commons.dbcp.BasicDataSource.getConnection(BasicDataSource.java:1044)
	at t9.core.data.T9RequestDbConn.getDbConn(T9RequestDbConn.java:65)
	at t9.core.data.T9RequestDbConn.getSysDbConn(T9RequestDbConn.java:90)
	at t9.core.funcs.workflow.util.T9WorkFlowAutoService.doTask(T9WorkFlowAutoService.java:22)
	at t9.core.autorun.T9AutoRun.run(T9AutoRun.java:101)
	at java.lang.Thread.run(Unknown Source)
Caused by: java.sql.SQLException: Io 异常: The Network Adapter could not establish the connection
	at oracle.jdbc.driver.SQLStateMapping.newSQLException(SQLStateMapping.java:74)
	at oracle.jdbc.driver.DatabaseError.newSQLException(DatabaseError.java:110)
	at oracle.jdbc.driver.DatabaseError.throwSqlException(DatabaseError.java:171)
	at oracle.jdbc.driver.DatabaseError.throwSqlException(DatabaseError.java:227)
	at oracle.jdbc.driver.DatabaseError.throwSqlException(DatabaseError.java:494)
	at oracle.jdbc.driver.T4CConnection.logon(T4CConnection.java:411)
	at oracle.jdbc.driver.PhysicalConnection.<init>(PhysicalConnection.java:490)
	at oracle.jdbc.driver.T4CConnection.<init>(T4CConnection.java:202)
	at oracle.jdbc.driver.T4CDriverExtension.getConnection(T4CDriverExtension.java:33)
	at oracle.jdbc.driver.OracleDriver.connect(OracleDriver.java:474)
	at org.apache.commons.dbcp.DriverConnectionFactory.createConnection(DriverConnectionFactory.java:38)
	at org.apache.commons.dbcp.PoolableConnectionFactory.makeObject(PoolableConnectionFactory.java:582)
	at org.apache.commons.dbcp.BasicDataSource.validateConnectionFactory(BasicDataSource.java:1556)
	at org.apache.commons.dbcp.BasicDataSource.createPoolableConnectionFactory(BasicDataSource.java:1545)
	... 7 more
2012-11-01 : 11-33-42-497 Thread-33 t9.core.funcs.workflow.util.T9FlowTimerAutoService 26 - Cannot create PoolableConnectionFactory (Io 异常: The Network Adapter could not establish the connection)
org.apache.commons.dbcp.SQLNestedException: Cannot create PoolableConnectionFactory (Io 异常: The Network Adapter could not establish the connection)
	at org.apache.commons.dbcp.BasicDataSource.createPoolableConnectionFactory(BasicDataSource.java:1549)
	at org.apache.commons.dbcp.BasicDataSource.createDataSource(BasicDataSource.java:1388)
	at org.apache.commons.dbcp.BasicDataSource.getConnection(BasicDataSource.java:1044)
	at t9.core.data.T9RequestDbConn.getDbConn(T9RequestDbConn.java:65)
	at t9.core.data.T9RequestDbConn.getSysDbConn(T9RequestDbConn.java:90)
	at t9.core.funcs.workflow.util.T9FlowTimerAutoService.doTask(T9FlowTimerAutoService.java:22)
	at t9.core.autorun.T9AutoRun.run(T9AutoRun.java:101)
	at java.lang.Thread.run(Unknown Source)
Caused by: java.sql.SQLException: Io 异常: The Network Adapter could not establish the connection
	at oracle.jdbc.driver.SQLStateMapping.newSQLException(SQLStateMapping.java:74)
	at oracle.jdbc.driver.DatabaseError.newSQLException(DatabaseError.java:110)
	at oracle.jdbc.driver.DatabaseError.throwSqlException(DatabaseError.java:171)
	at oracle.jdbc.driver.DatabaseError.throwSqlException(DatabaseError.java:227)
	at oracle.jdbc.driver.DatabaseError.throwSqlException(DatabaseError.java:494)
	at oracle.jdbc.driver.T4CConnection.logon(T4CConnection.java:411)
	at oracle.jdbc.driver.PhysicalConnection.<init>(PhysicalConnection.java:490)
	at oracle.jdbc.driver.T4CConnection.<init>(T4CConnection.java:202)
	at oracle.jdbc.driver.T4CDriverExtension.getConnection(T4CDriverExtension.java:33)
	at oracle.jdbc.driver.OracleDriver.connect(OracleDriver.java:474)
	at org.apache.commons.dbcp.DriverConnectionFactory.createConnection(DriverConnectionFactory.java:38)
	at org.apache.commons.dbcp.PoolableConnectionFactory.makeObject(PoolableConnectionFactory.java:582)
	at org.apache.commons.dbcp.BasicDataSource.validateConnectionFactory(BasicDataSource.java:1556)
	at org.apache.commons.dbcp.BasicDataSource.createPoolableConnectionFactory(BasicDataSource.java:1545)
	... 7 more
2012-11-01 : 11-38-49-791 Thread-47 t9.core.funcs.workflow.util.T9FlowTimerAutoService 26 - Cannot create PoolableConnectionFactory (Io 异常: The Network Adapter could not establish the connection)
org.apache.commons.dbcp.SQLNestedException: Cannot create PoolableConnectionFactory (Io 异常: The Network Adapter could not establish the connection)
	at org.apache.commons.dbcp.BasicDataSource.createPoolableConnectionFactory(BasicDataSource.java:1549)
	at org.apache.commons.dbcp.BasicDataSource.createDataSource(BasicDataSource.java:1388)
	at org.apache.commons.dbcp.BasicDataSource.getConnection(BasicDataSource.java:1044)
	at t9.core.data.T9RequestDbConn.getDbConn(T9RequestDbConn.java:65)
	at t9.core.data.T9RequestDbConn.getSysDbConn(T9RequestDbConn.java:90)
	at t9.core.funcs.workflow.util.T9FlowTimerAutoService.doTask(T9FlowTimerAutoService.java:22)
	at t9.core.autorun.T9AutoRun.run(T9AutoRun.java:101)
	at java.lang.Thread.run(Unknown Source)
Caused by: java.sql.SQLException: Io 异常: The Network Adapter could not establish the connection
	at oracle.jdbc.driver.SQLStateMapping.newSQLException(SQLStateMapping.java:74)
	at oracle.jdbc.driver.DatabaseError.newSQLException(DatabaseError.java:110)
	at oracle.jdbc.driver.DatabaseError.throwSqlException(DatabaseError.java:171)
	at oracle.jdbc.driver.DatabaseError.throwSqlException(DatabaseError.java:227)
	at oracle.jdbc.driver.DatabaseError.throwSqlException(DatabaseError.java:494)
	at oracle.jdbc.driver.T4CConnection.logon(T4CConnection.java:411)
	at oracle.jdbc.driver.PhysicalConnection.<init>(PhysicalConnection.java:490)
	at oracle.jdbc.driver.T4CConnection.<init>(T4CConnection.java:202)
	at oracle.jdbc.driver.T4CDriverExtension.getConnection(T4CDriverExtension.java:33)
	at oracle.jdbc.driver.OracleDriver.connect(OracleDriver.java:474)
	at org.apache.commons.dbcp.DriverConnectionFactory.createConnection(DriverConnectionFactory.java:38)
	at org.apache.commons.dbcp.PoolableConnectionFactory.makeObject(PoolableConnectionFactory.java:582)
	at org.apache.commons.dbcp.BasicDataSource.validateConnectionFactory(BasicDataSource.java:1556)
	at org.apache.commons.dbcp.BasicDataSource.createPoolableConnectionFactory(BasicDataSource.java:1545)
	... 7 more
2012-11-01 : 11-38-51-852 Thread-50 t9.core.funcs.workflow.util.T9WorkFlowAutoService 27 - Cannot create PoolableConnectionFactory (Io 异常: The Network Adapter could not establish the connection)
org.apache.commons.dbcp.SQLNestedException: Cannot create PoolableConnectionFactory (Io 异常: The Network Adapter could not establish the connection)
	at org.apache.commons.dbcp.BasicDataSource.createPoolableConnectionFactory(BasicDataSource.java:1549)
	at org.apache.commons.dbcp.BasicDataSource.createDataSource(BasicDataSource.java:1388)
	at org.apache.commons.dbcp.BasicDataSource.getConnection(BasicDataSource.java:1044)
	at t9.core.data.T9RequestDbConn.getDbConn(T9RequestDbConn.java:65)
	at t9.core.data.T9RequestDbConn.getSysDbConn(T9RequestDbConn.java:90)
	at t9.core.funcs.workflow.util.T9WorkFlowAutoService.doTask(T9WorkFlowAutoService.java:22)
	at t9.core.autorun.T9AutoRun.run(T9AutoRun.java:101)
	at java.lang.Thread.run(Unknown Source)
Caused by: java.sql.SQLException: Io 异常: The Network Adapter could not establish the connection
	at oracle.jdbc.driver.SQLStateMapping.newSQLException(SQLStateMapping.java:74)
	at oracle.jdbc.driver.DatabaseError.newSQLException(DatabaseError.java:110)
	at oracle.jdbc.driver.DatabaseError.throwSqlException(DatabaseError.java:171)
	at oracle.jdbc.driver.DatabaseError.throwSqlException(DatabaseError.java:227)
	at oracle.jdbc.driver.DatabaseError.throwSqlException(DatabaseError.java:494)
	at oracle.jdbc.driver.T4CConnection.logon(T4CConnection.java:411)
	at oracle.jdbc.driver.PhysicalConnection.<init>(PhysicalConnection.java:490)
	at oracle.jdbc.driver.T4CConnection.<init>(T4CConnection.java:202)
	at oracle.jdbc.driver.T4CDriverExtension.getConnection(T4CDriverExtension.java:33)
	at oracle.jdbc.driver.OracleDriver.connect(OracleDriver.java:474)
	at org.apache.commons.dbcp.DriverConnectionFactory.createConnection(DriverConnectionFactory.java:38)
	at org.apache.commons.dbcp.PoolableConnectionFactory.makeObject(PoolableConnectionFactory.java:582)
	at org.apache.commons.dbcp.BasicDataSource.validateConnectionFactory(BasicDataSource.java:1556)
	at org.apache.commons.dbcp.BasicDataSource.createPoolableConnectionFactory(BasicDataSource.java:1545)
	... 7 more
